2018-03-22 20:15:05 - Function: dim Type: device ID : 216988508081452256 Value: 0
2018-03-22 20:15:11 - Function: dim Type: device ID : 216988508081452256 Value: 100
2018-03-22 20:15:15 - Function: toggle Type: device ID : 216988508081452256 Value: 0
2018-03-22 20:15:17 - Function: toggle Type: device ID : 216988508081467121 Value: 0
2018-03-22 20:15:18 - Function: toggle Type: device ID : 216988508081467121 Value: 1
2018-03-22 20:15:19 - Function: toggle Type: device ID : 216988508081452256 Value: 1
2018-03-22 20:15:20 - Function: toggle Type: device ID : 216988508081452256 Value: 0
2018-03-22 20:15:21 - Function: toggle Type: device ID : 216988508081467121 Value: 0
2018-03-22 20:15:29 - Function: toggle Type: room ID : 0 Value: 1
2018-03-22 20:15:31 - Function: toggle Type: room ID : 0 Value: 0
2018-03-22 20:15:33 - Function: toggle Type: room ID : 0 Value: 1
2018-03-22 20:15:35 - Function: toggle Type: room ID : 0 Value: 0
2018-03-22 20:17:19 - Function: toggle Type: room ID : 0 Value: 1
2018-03-22 20:17:23 - Function: toggle Type: room ID : 0 Value: 0
2018-03-22 20:19:07 - Function: toggle Type: all ID : ALL Value: 1
2018-03-22 20:19:13 - Function: toggle Type: all ID : ALL Value: 0
2018-03-22 20:20:55 - Function: toggle Type: device ID : 216988508081452256 Value: 1
2018-03-22 20:21:34 - Function: toggle Type: device ID : 216988508081452256 Value: 0
2018-03-22 20:21:38 - Function: toggle Type: device ID : 216988508081452256 Value: 1
2018-03-22 20:22:42 - Function: toggle Type: room ID : 0 Value: 0
2018-03-22 20:22:44 - Function: toggle Type: room ID : 0 Value: 1
2018-03-22 20:23:48 - Function: dim Type: room ID : 0 Value: 43
2018-03-22 20:23:54 - Function: dim Type: room ID : 0 Value: 0
2018-03-22 20:24:01 - Function: dim Type: room ID : 0 Value: 21
2018-03-22 20:24:08 - Function: dim Type: room ID : 0 Value: 52
2018-03-22 20:24:14 - Function: dim Type: room ID : 0 Value: 79
2018-03-22 20:24:19 - Function: dim Type: room ID : 0 Value: 100
2018-03-22 20:24:27 - Function: dim Type: room ID : 0 Value: 16
2018-03-22 20:24:29 - Function: dim Type: room ID : 0 Value: 0
2018-03-22 20:36:14 - Function: dim Type: device ID : 216988508081452256 Value: 58
2018-03-22 20:36:17 - Function: dim Type: device ID : 216988508081452256 Value: 100
2018-03-22 20:36:23 - Function: dim Type: device ID : 216988508081452256 Value: 0
2018-03-22 20:36:26 - Function: dim Type: device ID : 216988508081467121 Value: 0
2018-03-22 20:37:09 - Function: toggle Type: device ID : 216988508081452256 Value: 1
2018-03-22 20:37:11 - Function: dim Type: device ID : 216988508081452256 Value: 100
2018-03-22 20:44:26 - Function: dim Type: device ID : 216988508081452256 Value: 0
2018-03-22 20:56:15 - Function: toggle Type: device ID : 216988508081452256 Value: 0
2018-03-22 20:56:17 - Function: toggle Type: device ID : 216988508081452256 Value: 1
2018-03-22 20:56:20 - Function: dim Type: device ID : 216988508081452256 Value: 100
2018-03-22 20:56:23 - Function: toggle Type: device ID : 216988508081452256 Value: 0
2018-03-22 20:56:25 - Function: toggle Type: device ID : 216988508081452256 Value: 1
2018-03-22 20:56:28 - Function: dim Type: device ID : 216988508081467121 Value: 100
2018-03-22 20:56:31 - Function: toggle Type: device ID : 216988508081452256 Value: 0
2018-03-22 20:56:33 - Function: toggle Type: device ID : 216988508081467121 Value: 0
2018-03-22 20:57:09 - Function: dim Type: device ID : 216988508081452256 Value: 19
2018-03-22 20:57:12 - Function: dim Type: device ID : 216988508081452256 Value: 46
2018-03-22 20:57:16 - Function: dim Type: device ID : 216988508081452256 Value: 81
2018-03-22 20:57:33 - Function: dim Type: device ID : 216988508081452256 Value: 13
2018-03-22 20:57:37 - Function: dim Type: device ID : 216988508081452256 Value: 0
2018-03-22 20:57:39 - Function: toggle Type: device ID : 216988508081452256 Value: 0
2018-03-22 20:57:40 - Function: toggle Type: device ID : 216988508081452256 Value: 1
2018-03-22 20:57:44 - Function: dim Type: device ID : 216988508081452256 Value: 82
2018-03-22 20:59:21 - Function: dim Type: device ID : 216988508081467121 Value: 24
2018-03-22 20:59:43 - Function: toggle Type: device ID : 216988508081467121 Value: 0
2018-03-22 20:59:45 - Function: dim Type: device ID : 216988508081467121 Value: 12
2018-03-22 20:59:47 - Function: dim Type: device ID : 216988508081467121 Value: 61
2018-03-22 20:59:49 - Function: toggle Type: device ID : 216988508081467121 Value: 0
2018-03-22 20:59:50 - Function: dim Type: device ID : 216988508081467121 Value: 50
2018-03-22 20:59:53 - Function: toggle Type: device ID : 216988508081467121 Value: 0
2018-03-22 20:59:54 - Function: dim Type: device ID : 216988508081467121 Value: 84
2018-03-22 20:59:57 - Function: toggle Type: device ID : 216988508081467121 Value: 0
2018-03-22 21:00:14 - Function: dim Type: device ID : 216988508081467121 Value: 0
2018-03-22 21:00:15 - Function: dim Type: device ID : 216988508081452256 Value: 0
2018-03-22 21:00:23 - Function: dim Type: device ID : 216988508081467121 Value: 0
2018-03-22 21:00:24 - Function: dim Type: device ID : 216988508081467121 Value: 0
2018-03-22 21:00:25 - Function: dim Type: device ID : 216988508081467121 Value: 0
2018-03-22 21:00:26 - Function: dim Type: device ID : 216988508081452256 Value: 0
2018-03-22 21:02:57 - Function: toggle Type: device ID : 216988508081467121 Value: 0
2018-03-22 21:02:58 - Function: toggle Type: device ID : 216988508081467121 Value: 1
2018-03-22 21:05:08 - Function: toggle Type: room ID : 0 Value: 0
2018-03-22 21:05:09 - Function: toggle Type: room ID : 0 Value: 1
2018-03-22 21:15:38 - Function: toggle Type: all ID : ALL Value: 0
2018-03-22 21:15:40 - Function: toggle Type: all ID : ALL Value: 1
2018-03-22 21:15:45 - Function: dim Type: all ID : all Value: 81
2018-03-22 21:15:46 - Function: dim Type: all ID : all Value: 100
2018-03-22 21:15:49 - Function: dim Type: all ID : all Value: 0
2018-03-22 21:23:37 - Function: dim Type: device ID : 216988508081452256 Value: 100
2018-03-22 21:23:40 - Function: dim Type: device ID : 216988508081452256 Value: 0
2018-03-22 21:33:55 - Function: dim Type: device ID : 216988508081452256 Value: 100
2018-03-22 21:33:57 - Function: dim Type: device ID : 216988508081452256 Value: 0
2018-03-22 21:33:59 - Function: dim Type: device ID : 216988508081452256 Value: 0
2018-03-22 21:34:32 - Function: toggle Type: device ID : 216988508081467121 Value: 0
2018-03-22 21:34:33 - Function: toggle Type: device ID : 216988508081467121 Value: 1
2018-03-22 21:55:10 - Function: dim Type: device ID : 216988508081452256 Value: 74
2018-03-22 21:55:12 - Function: dim Type: device ID : 216988508081452256 Value: 100
2018-03-22 21:55:15 - Function: dim Type: device ID : 216988508081452256 Value: 0
2018-03-22 21:59:20 - Function: toggle Type: device ID : 216988508081452256 Value: 0
2018-03-22 21:59:22 - Function: toggle Type: device ID : 216988508081452256 Value: 1
2018-03-22 22:00:47 - Function: toggle Type: device ID : 216988508081452256 Value: 0
2018-03-22 22:00:50 - Function: toggle Type: device ID : 216988508081452256 Value: 1
2018-03-22 22:01:11 - Function: toggle Type: device ID : 216988508081452256 Value: 0
2018-03-22 22:01:13 - Function: toggle Type: device ID : 216988508081452256 Value: 1
2018-03-22 22:01:17 - Function: toggle Type: device ID : 216988508081452256 Value: 0
2018-03-22 22:01:18 - Function: toggle Type: device ID : 216988508081452256 Value: 0
2018-03-22 22:02:06 - Function: toggle Type: device ID : 216988508081452256 Value: 0
2018-03-22 22:02:10 - Function: toggle Type: device ID : 216988508081452256 Value: 0
2018-03-22 22:02:12 - Function: toggle Type: device ID : 216988508081452256 Value: 0
2018-03-22 22:02:12 - Function: toggle Type: device ID : 216988508081452256 Value: 0
2018-03-22 22:02:13 - Function: toggle Type: device ID : 216988508081452256 Value: 0
2018-03-22 22:02:14 - Function: toggle Type: device ID : 216988508081452256 Value: 0
2018-03-22 22:02:14 - Function: toggle Type: device ID : 216988508081452256 Value: 0
2018-03-22 22:02:16 - Function: toggle Type: device ID : 216988508081452256 Value: 0
2018-03-22 22:02:20 - Function: toggle Type: device ID : 216988508081452256 Value: 0
2018-03-22 22:02:20 - Function: toggle Type: device ID : 216988508081452256 Value: 0
2018-03-22 22:02:21 - Function: toggle Type: device ID : 216988508081452256 Value: 0
2018-03-22 22:02:22 - Function: toggle Type: device ID : 216988508081452256 Value: 0
2018-03-22 22:02:22 - Function: toggle Type: device ID : 216988508081452256 Value: 0
2018-03-22 22:03:16 - Function: toggle Type: device ID : 216988508081452256 Value: 1
2018-03-22 22:03:18 - Function: toggle Type: device ID : 216988508081452256 Value: 0
2018-03-22 22:04:28 - Function: toggle Type: room ID : 0 Value: 0
2018-03-22 22:06:08 - Function: toggle Type: device ID : 216988508081452256 Value: 1
2018-03-22 22:06:10 - Function: toggle Type: device ID : 216988508081467121 Value: 1
2018-03-22 22:08:04 - Function: toggle Type: device ID : 216988508081452256 Value: 0
2018-03-22 22:08:05 - Function: toggle Type: device ID : 216988508081452256 Value: 1
2018-03-22 22:08:24 - Function: dim Type: room ID : 0 Value: 55
2018-03-22 22:08:27 - Function: dim Type: room ID : 0 Value: 0
